[gmpg.org/xfn/11.html]
[backblue.gif]
[fade.gif]
[index.html]
[fonts.googleapis.com/index.html]
[use.fontawesome.com/index.html]
[localhost/bsu-open university/index.php/feed/index.html]
[localhost/bsu-open university/index.php/events/indexedf3.html]
[localhost/bsu-open university/index.php/comments/feed/index.html]
[use.fontawesome.com/releases/v6.4.0/css/all.css]
[use.fontawesome.com/releases/v6.4.0/css/v4-shims.css]
[localhost/bsu-open university/wp-includes/js/jquery/jquery.mina767.js]
[localhost/bsu-open university/wp-includes/js/jquery/jquery-migrate.min6b00.js]
[localhost/bsu-open university/wp-includes/js/imagesloaded.mineda1.js]
[localhost/bsu-open university/wp-includes/js/masonry.min3a05.js]
[localhost/bsu-open university/wp-content/plugins/blog-designer/public/js/ticker.min5152.js]
[localhost/bsu-open university/wp-content/plugins/blog-designer/public/js/designer5152.js]
[localhost/bsu-open university/wp-content/plugins/embedpress/assets/js/pdfobject.mina4f3.js]
[localhost/bsu-open university/index.php/wp-json/index.html]
[localhost/bsu-open university/xmlrpc0db0.php]
[localhost/bsu-open university/wp-includes/wlwmanifest.xml]
[localhost/bsu-open university/wp-content/uploads/2023/03/cropped-cropped-ou_logo-small-.5-2-32x32.png]
[localhost/bsu-open university/wp-content/uploads/2023/03/cropped-cropped-ou_logo-small-.5-2-192x192.png]
[localhost/bsu-open university/wp-content/uploads/2023/03/cropped-cropped-ou_logo-small-.5-2-180x180.png]
[localhost/bsu-open university/wp-content/uploads/2023/03/cropped-366632.jpg]
[localhost/bsu-open university/index.php/wp-json/tribe/tickets/v1/index.html]
[localhost/bsu-open university/wp-content/uploads/2023/03/cropped-ou_logo-small-.5-2-1.png]
[localhost/bsu-open university/index.php/wp-json/tribe/events/v1/index.html]
[localhost/bsu-open university/wp-content/uploads/2023/03/Submission-3-1024x682-1-edited.png]
[localhost/bsu-open university/wp-content/uploads/2023/03/2-1.jpg]
[connect.facebook.net/en_US/sdk/xfbml.customerchat.js]
[localhost/bsu-open university/wp-content/plugins/embedpress/assets/js/fronta4f3.js]
[localhost/bsu-open university/wp-content/themes/blogwaves/assets/js/navigation8a54.js]
[localhost/bsu-open university/wp-content/themes/blogwaves/assets/js/popper8a54.js]
[localhost/bsu-open university/wp-content/themes/blogwaves/assets/js/bootstrap8a54.js]
[localhost/bsu-open university/wp-content/themes/blogwaves/assets/js/main8a54.js]
[localhost/bsu-open university/wp-content/themes/blogwaves/assets/js/skip-link-focus-fix8a54.js]
[localhost/bsu-open university/wp-content/themes/blogwaves/assets/js/global8a54.js]
[localhost/bsu-open university/wp-content/plugins/the-events-calendar/common/src/resources/js/tribe-common.min23c3.js]
[localhost/bsu-open university/wp-content/plugins/the-events-calendar/common/src/resources/js/utils/query-string.min23c3.js]
[localhost/bsu-open university/wp-content/plugins/the-events-calendar/common/src/resources/js/underscore-before.js]
[localhost/bsu-open university/wp-includes/js/underscore.mind584.js]
[localhost/bsu-open university/wp-content/plugins/the-events-calendar/common/src/resources/js/underscore-after.js]
[localhost/bsu-open university/wp-content/plugins/the-events-calendar/src/resources/js/views/manager.min0fbe.js]
[localhost/bsu-open university/wp-content/plugins/the-events-calendar/src/resources/js/views/breakpoints.min0fbe.js]
[localhost/bsu-open university/index.html]
[gmpg.org/xfn/default.css]
[gmpg.org/xfn/.html]
[gmpg.org/xfn/intro.html]
[gmpg.org/xfn/faq.html]
[gmpg.org/xfn/thanks.html]
[gmpg.org/xfn/11.html]
[fonts.googleapis.com/index.html]
[use.fontawesome.com/index.html]
[localhost/bsu-open university/wp-admin/admin-ajax.html]
[localhost/bsu-open university/wp-includes/fonts/dashicons7d4b.eot]
[localhost/bsu-open university/wp-includes/css/dashicons.minae48.css]
[localhost/bsu-open university/wp-includes/fonts/dashicons7d4b.ttf]
[localhost/bsu-open university/wp-content/plugins/menu-icons/css/extra.min1bd9.css]
[localhost/bsu-open university/wp-includes/css/dist/block-library/style.minae48.css]
[localhost/bsu-open university/wp-content/plugins/embedpress/Gutenberg/dist/blocks.style.build987f.css]
[localhost/bsu-open university/wp-includes/css/classic-themes.minae48.css]
[localhost/bsu-open university/wp-content/plugins/blog-designer/admin/fonts/fa-brands-400.eot]
[localhost/bsu-open university/wp-content/plugins/blog-designer/admin/fonts/fa-brands-400.woff2]
[localhost/bsu-open university/wp-content/plugins/blog-designer/admin/fonts/fa-brands-400d41d.eot]
[localhost/bsu-open university/wp-content/plugins/blog-designer/admin/fonts/fa-brands-400.woff]
[localhost/bsu-open university/wp-content/plugins/blog-designer/admin/fonts/fa-brands-400.ttf]
[localhost/bsu-open university/wp-content/plugins/blog-designer/admin/fonts/fa-regular-400.eot]
[localhost/bsu-open university/wp-content/plugins/blog-designer/admin/fonts/fa-regular-400.woff2]
[localhost/bsu-open university/wp-content/plugins/blog-designer/admin/fonts/fa-regular-400d41d.eot]
[localhost/bsu-open university/wp-content/plugins/blog-designer/admin/fonts/fa-regular-400.woff]
[localhost/bsu-open university/wp-content/plugins/blog-designer/admin/fonts/fa-regular-400.ttf]
[localhost/bsu-open university/wp-content/plugins/blog-designer/admin/fonts/fa-solid-900.eot]
[localhost/bsu-open university/wp-content/plugins/blog-designer/admin/fonts/fa-solid-900.woff2]
[localhost/bsu-open university/wp-content/plugins/blog-designer/admin/fonts/fa-solid-900d41d.eot]
[localhost/bsu-open university/wp-content/plugins/blog-designer/admin/fonts/fa-solid-900.woff]
[localhost/bsu-open university/wp-content/plugins/blog-designer/admin/fonts/fa-solid-900.ttf]
[localhost/bsu-open university/wp-content/plugins/blog-designer/admin/css/fontawesome-all.min5152.css]
[localhost/bsu-open university/wp-content/plugins/blog-designer/public/images/arrow1.png]
[localhost/bsu-open university/wp-content/plugins/blog-designer/public/css/designer_css5152.css]
[localhost/bsu-open university/wp-content/plugins/embedpress/assets/css/embedpressae48.css]
[fonts.googleapis.com/cssdfc0.css]
[localhost/bsu-open university/wp-content/plugins/wp-menu-icons/build/frontend/css/style41fe.css]
[localhost/bsu-open university/wp-content/themes/blogwaves/assets/css/bootstrapae48.css]
[localhost/bsu-open university/wp-content/themes/blogwaves/assets/fonts/fontawesome-webfont3e6e3e6e.eot]
[localhost/bsu-open university/wp-content/themes/blogwaves/assets/fonts/fontawesome-webfontd41dd41d.eot]
[localhost/bsu-open university/wp-content/themes/blogwaves/assets/fonts/fontawesome-webfont3e6e3e6e.woff]
[localhost/bsu-open university/wp-content/themes/blogwaves/assets/fonts/fontawesome-webfont3e6e3e6e.ttf]
[localhost/bsu-open university/wp-content/themes/blogwaves/assets/css/font-awesomeae48.css]
[localhost/bsu-open university/wp-content/themes/blogwaves/assets/css/meanmenuae48.css]
[localhost/bsu-open university/wp-content/themes/blogwaves/assets/css/responsiveae48.css]
[localhost/bsu-open university/wp-content/themes/blogwaves/assets/css/customae48.css]
[localhost/bsu-open university/wp-content/themes/blogwaves/style8a54.css]
[use.fontawesome.com/releases/v6.4.0/webfonts/fa-brands-400.woff2]
[use.fontawesome.com/releases/v6.4.0/webfonts/fa-regular-400.woff2]
[use.fontawesome.com/releases/v6.4.0/webfonts/fa-brands-400.ttf]
[use.fontawesome.com/releases/v6.4.0/webfonts/fa-regular-400.ttf]
[use.fontawesome.com/releases/v6.4.0/webfonts/fa-solid-900.woff2]
[use.fontawesome.com/releases/v6.4.0/webfonts/fa-solid-900.ttf]
[use.fontawesome.com/releases/v6.4.0/webfonts/fa-v4compatibility.woff2]
[use.fontawesome.com/releases/v6.4.0/css/all.css]
[use.fontawesome.com/releases/v6.4.0/css/v4-shims.css]
[localhost/BSU-Open University/index-2.html]
[use.fontawesome.com/releases/v6.4.0/webfonts/fa-v4compatibility.ttf]
[localhost/bsu-open university/index.php/wp-json/wp/v2/pages/12.json]
[localhost/bsu-open university/index.php/wp-json/oembed/1.0/embed5956.json]
[localhost/bsu-open university/index.php/wp-json/oembed/1.0/embedee86]
[localhost/bsu-open university/wp-content/plugins/event-tickets/src/resources/js/rsvp.min27d9.js]
[localhost/bsu-open university/wp-content/plugins/event-tickets/src/resources/js/ticket-details.min27d9.js]
[localhost/bsu-open university/index.php/about/index.html]
[localhost/bsu-open university/index.php/wp-json/wp/v2/pages/44.json]
[localhost/bsu-open university/index.php/wp-json/oembed/1.0/embed98ca.json]
[localhost/bsu-open university/index.php/wp-json/oembed/1.0/embedb299]
[localhost/bsu-open university/index.php/contact-us/index.html]
[localhost/bsu-open university/index.php/wp-json/wp/v2/pages/243.json]
[localhost/bsu-open university/index.php/wp-json/oembed/1.0/embedff3c.json]
[localhost/bsu-open university/index.php/wp-json/oembed/1.0/embedc60b]
[localhost/bsu-open university/wp-content/uploads/2023/03/OU-Form-1-Application-for-Admission-1-1.pdf]
[localhost/bsu-open university/wp-content/uploads/2023/03/OU-Form-2-Recommendation-Form-1-1.pdf]
[localhost/bsu-open university/wp-content/uploads/2023/03/OU-Form-3-Permit-to-Study-1-1.pdf]
[localhost/bsu-open university/wp-content/uploads/2023/03/Permit-to-Add-1.pdf]
[localhost/bsu-open university/wp-content/uploads/2023/03/Permit-to-Change-Course-1.pdf]
[localhost/bsu-open university/wp-content/uploads/2023/03/Permit-to-Withdraw-1.pdf]
[localhost/bsu-open university/wp-content/uploads/2023/03/APPLICATION-FOR-MAKE-UP-CLASS-NEW-FORM-1.pdf]
[localhost/bsu-open university/wp-content/uploads/2023/03/BROCHURE-1-1.pdf]
[localhost/bsu-open university/index.php/downloads/index.html]
[localhost/bsu-open university/index.php/wp-json/wp/v2/pages/323.json]
[localhost/bsu-open university/index.php/wp-json/oembed/1.0/embed67c9.json]
[localhost/bsu-open university/index.php/wp-json/oembed/1.0/embed02ce]
[localhost/bsu-open university/index.php/lms-portal/index.html]
[localhost/bsu-open university/wp-content/uploads/2023/03/lms-copy-1.png]
[localhost/bsu-open university/index.php/wp-json/wp/v2/pages/15.json]
[localhost/bsu-open university/index.php/wp-json/oembed/1.0/embed89c1.json]
[localhost/bsu-open university/index.php/wp-json/oembed/1.0/embed193e]
[localhost/bsu-open university/index.php/home__trashed/programs-offered/index.html]
[localhost/bsu-open university/index.php/wp-json/wp/v2/pages/22.json]
[localhost/bsu-open university/index.php/wp-json/oembed/1.0/embed2fc2.json]
[localhost/bsu-open university/index.php/wp-json/oembed/1.0/embed7458]
[localhost/bsu-open university/index.php/admission-requirements/index.html]
[localhost/bsu-open university/index.php/wp-json/wp/v2/pages/37.json]
[localhost/bsu-open university/index.php/wp-json/oembed/1.0/embed1a2c]
[localhost/bsu-open university/index.php/wp-json/oembed/1.0/embed992c]
[localhost/bsu-open university/index.php/fees/index.html]
[localhost/bsu-open university/wp-content/plugins/the-events-calendar/vendor/bootstrap-datepicker/js/bootstrap-datepicker.min0fbe.js]
[localhost/bsu-open university/wp-content/plugins/the-events-calendar/src/resources/js/views/viewport.min0fbe.js]
[localhost/bsu-open university/index.php/events/feed/index.html]
[localhost/bsu-open university/wp-content/plugins/the-events-calendar/src/resources/js/views/accordion.min0fbe.js]
[localhost/bsu-open university/wp-content/plugins/the-events-calendar/src/resources/js/views/view-selector.min0fbe.js]
[localhost/bsu-open university/wp-content/plugins/the-events-calendar/src/resources/js/views/ical-links.min0fbe.js]
[localhost/bsu-open university/wp-content/plugins/the-events-calendar/src/resources/js/views/navigation-scroll.min0fbe.js]
[localhost/bsu-open university/wp-content/plugins/the-events-calendar/src/resources/js/views/multiday-events.min0fbe.js]
[localhost/bsu-open university/wp-content/plugins/the-events-calendar/src/resources/js/views/month-mobile-events.min0fbe.js]
[localhost/bsu-open university/wp-content/plugins/the-events-calendar/src/resources/js/views/month-grid.min0fbe.js]
[localhost/bsu-open university/wp-content/plugins/the-events-calendar/common/vendor/tooltipster/tooltipster.bundle.min23c3.js]
[localhost/bsu-open university/wp-content/plugins/the-events-calendar/src/resources/js/views/tooltip.min0fbe.js]
[localhost/bsu-open university/wp-content/plugins/the-events-calendar/src/resources/js/views/events-bar.min0fbe.js]
[localhost/bsu-open university/wp-content/plugins/the-events-calendar/src/resources/js/views/events-bar-inputs.min0fbe.js]
[localhost/bsu-open university/wp-content/plugins/the-events-calendar/src/resources/js/views/datepicker.min0fbe.js]
[localhost/bsu-open university/index.php/events/index.html]
[localhost/bsu-open university/index.php/wp-json/wp/v2/pages/803.json]
[localhost/bsu-open university/index.php/wp-json/oembed/1.0/embedecd4]
[localhost/bsu-open university/index.php/wp-json/oembed/1.0/embed7207]
[localhost/bsu-open university/index.php/submission/index.html]
[localhost/bsu-open university/index.php/wp-json/wp/v2/pages/810.json]
[localhost/bsu-open university/index.php/wp-json/oembed/1.0/embed849d.json]
[localhost/bsu-open university/index.php/wp-json/oembed/1.0/embed5e5c]
[localhost/bsu-open university/index.php/application-status/index.html]
[localhost/bsu-open university/index.php/wp-json/wp/v2/posts/1196.json]
[localhost/bsu-open university/index.php/wp-json/oembed/1.0/embeddca9.json]
[localhost/bsu-open university/index.php/wp-json/oembed/1.0/embede927]
[localhost/bsu-open university/index.php/2023/04/03/why-bsu-ou/index.html]
[localhost/bsu-open university/index.php/wp-json/wp/v2/posts/576.json]
[localhost/bsu-open university/index.php/wp-json/oembed/1.0/embedad69.json]
[localhost/bsu-open university/index.php/wp-json/oembed/1.0/embed71b8]
[localhost/bsu-open university/wp-content/uploads/2023/03/MUM1-1-1.jpg]
[localhost/bsu-open university/index.php/2023/03/21/mou-signing-maejo-university/index.html]
[localhost/bsu-open university/wp-content/uploads/2023/03/MNFE1-1-1.jpg]
[localhost/bsu-open university/index.php/page/2/index.html]
[localhost/bsu-open university/wp-content/uploads/2023/03/MHRM1-2-1.jpg]
[localhost/bsu-open university/index.php/page/3/index.html]
[localhost/bsu-open university/wp-content/uploads/2023/03/ou-enrollment-1.png]
[localhost/bsu-open university/index.php/page/5/index.html]
[localhost/bsu-open university/index.php/wp-json/tribe/views/v2/html.json]
[localhost/bsu-open university/index.php/wp-json/wp/v2/tribe_events/827.json]
[localhost/bsu-open university/index.php/wp-json/oembed/1.0/embed5c14.json]
[localhost/bsu-open university/index.php/wp-json/oembed/1.0/embed62fd]
[localhost/bsu-open university/index.php/wp-json/tribe/events/v1/events/827.json]
[localhost/bsu-open university/wp-content/plugins/the-events-calendar/src/resources/images/tribe-loading.gif]
[localhost/bsu-open university/wp-content/plugins/event-tickets/src/resources/js/v2/tickets-loader.min27d9.js]
[localhost/bsu-open university/wp-content/plugins/event-tickets/src/resources/js/v2/tickets-utils.min27d9.js]
[localhost/bsu-open university/wp-includes/js/wp-util.minae48.js]
[localhost/bsu-open university/wp-content/plugins/event-tickets/src/resources/js/v2/rsvp-ari.min27d9.js]
[localhost/bsu-open university/wp-content/plugins/event-tickets/src/resources/js/v2/rsvp-block.min27d9.js]
[localhost/bsu-open university/wp-content/plugins/event-tickets/src/resources/js/v2/rsvp-tooltip.min27d9.js]
[localhost/bsu-open university/wp-content/plugins/event-tickets/src/resources/js/v2/rsvp-manager.min27d9.js]
[localhost/bsu-open university/index.php/event/bsu-freshmen-orientation/index.html]
[localhost/bsu-open university/index.php/wp-json/wp/v2/tribe_events/1211.json]
[localhost/bsu-open university/index.php/wp-json/oembed/1.0/embedf4ed.json]
[localhost/bsu-open university/index.php/wp-json/oembed/1.0/embed29fa]
[localhost/bsu-open university/index.php/wp-json/tribe/events/v1/events/1211.json]
[localhost/bsu-open university/index.php/event/1211/index.html]
[localhost/bsu-open university/events/index.html]
[localhost/bsu-open university/index.php/wp-json/wp/v2/categories/2]
[localhost/bsu-open university/index.php/category/events/index.html]
[localhost/bsu-open university/index.php/category/events/feed/index.html]
[localhost/bsu-open university/index.php/wp-json/wp/v2/categories/4.json]
[localhost/bsu-open university/index.php/category/news/index.html]
[localhost/bsu-open university/index.php/category/news/feed/index.html]
[localhost/bsu-open university/index.php/wp-json/wp/v2/categories/5.json]
[localhost/bsu-open university/index.php/category/offered-programs/index.html]
[localhost/bsu-open university/index.php/category/offered-programs/feed/index.html]
[localhost/bsu-open university/index.php/wp-json/wp/v2/categories/1.json]
[localhost/bsu-open university/index.php/category/uncategorized/index.html]
[localhost/bsu-open university/index.php/category/uncategorized/feed/index.html]
[localhost/bsu-open university/index.php/2023/04/index.html]
[localhost/bsu-open university/index.php/2023/03/index.html]
[localhost/bsu-open university/index.php/wp-json/wp/v2/pages/765.json]
[localhost/bsu-open university/index.php/privacy-policy/feed/index.html]
[localhost/bsu-open university/index.php/wp-json/oembed/1.0/embed57bd.json]
[localhost/bsu-open university/index.php/wp-json/oembed/1.0/embed219d]
[localhost/bsu-open university/index.php/privacy-policy/index.html]
[connect.facebook.net/en_US/sdk/xfbml.customerchat.js]
[localhost/bsu-open university/wp-content/plugins/the-events-calendar/common/src/resources/css/variables-skeleton.min23c3.css]
[localhost/bsu-open university/wp-content/plugins/the-events-calendar/common/src/resources/css/common-skeleton.min23c3.css]
[localhost/bsu-open university/wp-content/plugins/the-events-calendar/src/resources/css/widget-events-list-skeleton.min0fbe.css]
[localhost/bsu-open university/wp-content/plugins/the-events-calendar/common/src/resources/css/variables-full.min23c3.css]
[localhost/bsu-open university/wp-content/plugins/the-events-calendar/common/src/resources/css/common-full.min23c3.css]
[localhost/bsu-open university/wp-content/plugins/the-events-calendar/src/resources/css/widget-events-list-full.min0fbe.css]
[gmpg.org/xfn/default.css]
[gmpg.org/xfn/join.html]
[gmpg.org/xfn/index.html]
[gmpg.org/xfn/background.html]
[gmpg.org/xfn/tools.html]
[gmpg.org/xfn/helping.html]
[gmpg.org/xfn/feedback.html]
[gmpg.org/xfn/and/index.html]
[gmpg.org/xfn/creator.html]
[gmpg.org/xfn/more.html]
[gmpg.org/xfn/press.html]
[gmpg.org/xfn/index-2.html]
[gmpg.org/xfn/.html]
[gmpg.org/xfn/pix/intro/five-met.gif]
[gmpg.org/xfn/pix/intro/five-acqfr.gif]
[gmpg.org/xfn/pix/intro/five-prof.gif]
[gmpg.org/xfn/pix/intro/five-lovefam.gif]
[gmpg.org/xfn/intro.html]
[gmpg.org/xfn/faq.html]
[gmpg.org/xfn/thanks.html]
[localhost/bsu-open university/wp-content/plugins/blog-designer/admin/fonts/fa-brands-400.svg]
[localhost/bsu-open university/wp-content/plugins/blog-designer/admin/fonts/fa-regular-400.svg]
[localhost/bsu-open university/wp-content/plugins/blog-designer/admin/fonts/fa-solid-900.svg]
[localhost/bsu-open university/wp-content/plugins/blog-designer/public/images/glyphicons-halflings.html]
[localhost/bsu-open university/wp-content/plugins/blog-designer/public/images/navigation4.html]
[localhost/bsu-open university/wp-content/themes/blogwaves/assets/fonts/fontawesome-webfont3e6e3e6e.html]
[localhost/bsu-open university/wp-content/themes/blogwaves/assets/fonts/fontawesome-webfont3e6e3e6e.svg]
[fonts.googleapis.com/css2dbdd.css]
[localhost/bsu-open university/wp-content/plugins/event-tickets/src/resources/css/tickets.min27d9.css]
[localhost/bsu-open university/wp-content/plugins/event-tickets/src/resources/css/rsvp-v1.min27d9.css]
[localhost/bsu-open university/wp-content/plugins/event-tickets/src/resources/css/rsvp.min27d9.css]
[localhost/bsu-open university/wp-content/plugins/event-tickets/src/resources/css/tpp.min27d9.css]
[localhost/bsu-open university/index678b.html]
[localhost/BSU-Open University/index3b72.html]
[localhost/bsu-open university/index49b1.html]
[localhost/bsu-open university/indexfbc5.html]
[localhost/bsu-open university/index3cee.html]
[localhost/bsu-open university/indexa1ca.html]
[localhost/BSU-Open University/index1c83.html]
[localhost/BSU-Open University/index.php/programs-offered/master-in-community-health-development/index.html]
[localhost/BSU-Open University/index.php/programs-offered/master-in-cooperative-management/index.html]
[localhost/BSU-Open University/index.php/programs-offered/master-in-development-communication/index.html]
[localhost/BSU-Open University/index.php/programs-offered/master-in-human-resource-management/index.html]
[localhost/BSU-Open University/index.php/home/programs-offered/master-in-urban-management/index.html]
[localhost/BSU-Open University/index.php/programs-offered/master-in-non-formal-education/index.html]
[localhost/BSU-Open University/index.php/programs-offered/diploma-in-training-management/index.html]
[localhost/BSU-Open University/index.php/programs-offered/certificate-of-organic-agriculture/index.html]
[localhost/bsu-open university/index0345.html]
[localhost/BSU-Open University/index.php/contact-us/index-2.html]
[localhost/bsu-open university/index4837.html]
[localhost/bsu-open university/wp-content/plugins/the-events-calendar/vendor/bootstrap-datepicker/css/bootstrap-datepicker.standalone.min0fbe.css]
[localhost/bsu-open university/wp-content/plugins/the-events-calendar/common/vendor/tooltipster/tooltipster.bundle.min23c3.css]
[localhost/bsu-open university/wp-content/plugins/the-events-calendar/src/resources/css/views-skeleton.min0fbe.css]
[localhost/bsu-open university/wp-content/plugins/the-events-calendar/src/resources/css/views-full.min0fbe.css]
[localhost/bsu-open university/wp-content/plugins/the-events-calendar/src/resources/css/views-print.min0fbe.css]
[localhost/bsu-open university/events/list/index.html]
[localhost/bsu-open university/events/month/index.html]
[localhost/bsu-open university/events/today/index.html]
[localhost/bsu-open university/events/month/2023-03/index.html]
[localhost/bsu-open university/events/month/2023-05/index.html]
[localhost/bsu-open university/events/month/index58bb.html]
[localhost/bsu-open university/events/2023-03-29/index.html]
[localhost/bsu-open university/events/2023-03-30/index.html]
[localhost/bsu-open university/events/2023-03-31/index.html]
[localhost/bsu-open university/events/2023-04-01/index.html]
[localhost/bsu-open university/events/2023-04-02/index.html]
[localhost/bsu-open university/events/2023-04-03/index.html]
[localhost/bsu-open university/events/2023-04-04/index.html]
[localhost/bsu-open university/events/2023-04-05/index.html]
[localhost/bsu-open university/events/2023-04-06/index.html]
[localhost/bsu-open university/events/2023-04-07/index.html]
[localhost/bsu-open university/events/2023-04-08/index.html]
[localhost/bsu-open university/events/2023-04-09/index.html]
[localhost/bsu-open university/events/2023-04-10/index.html]
[localhost/bsu-open university/events/2023-04-11/index.html]
[localhost/bsu-open university/events/2023-04-12/index.html]
[localhost/bsu-open university/events/2023-04-13/index.html]
[localhost/bsu-open university/events/2023-04-14/index.html]
[localhost/bsu-open university/events/2023-04-15/index.html]
[localhost/bsu-open university/events/2023-04-16/index.html]
[localhost/bsu-open university/events/2023-04-17/index.html]
[localhost/bsu-open university/events/2023-04-18/index.html]
[localhost/bsu-open university/events/2023-04-19/index.html]
[localhost/bsu-open university/events/2023-04-20/index.html]
[localhost/bsu-open university/events/2023-04-21/index.html]
[localhost/bsu-open university/events/2023-04-22/index.html]
[localhost/bsu-open university/events/2023-04-23/index.html]
[localhost/bsu-open university/events/2023-04-24/index.html]
[localhost/bsu-open university/events/2023-04-25/index.html]
[localhost/bsu-open university/events/2023-04-26/index.html]
[localhost/bsu-open university/events/2023-04-27/index.html]
[localhost/bsu-open university/events/2023-04-28/index.html]
[localhost/bsu-open university/events/2023-04-29/index.html]
[localhost/bsu-open university/events/2023-04-30/index.html]
[localhost/bsu-open university/events/month/indexedf3.html]
[localhost/bsu-open university/events/month/index1fda.html]
[localhost/bsu-open university/index9628.html]
[localhost/bsu-open university/index7efb.html]
[localhost/bsu-open university/index570b.html]
[localhost/bsu-open university/indexaa4f.html]
[localhost/bsu-open university/index.php/wp-json/wp/v2/posts/571.json]
[localhost/bsu-open university/index.php/wp-json/oembed/1.0/embed8b0f.json]
[localhost/bsu-open university/index.php/wp-json/oembed/1.0/embed3e7d]
[localhost/bsu-open university/wp-content/uploads/2023/03/MUM1-2.jpg]
[localhost/bsu-open university/index.php/2023/03/21/master-in-urban-management/index.html]
[localhost/bsu-open university/index.php/wp-json/wp/v2/posts/569.json]
[localhost/bsu-open university/index.php/wp-json/oembed/1.0/embedcc8e.json]
[localhost/bsu-open university/index.php/wp-json/oembed/1.0/embed5bbf]
[localhost/bsu-open university/wp-content/uploads/2023/03/MNFE1-2.jpg]
[localhost/bsu-open university/index.php/2023/03/21/master-in-non-formal-education/index.html]
[localhost/bsu-open university/index.php/page/4/index.html]
[localhost/bsu-open university/index.php/wp-json/wp/v2/posts/565.json]
[localhost/bsu-open university/index.php/wp-json/oembed/1.0/embedba95.json]
[localhost/bsu-open university/index.php/wp-json/oembed/1.0/embed245d]
[localhost/bsu-open university/index.php/2023/03/21/master-in-human-resource-management/index.html]
[localhost/bsu-open university/index.php/wp-json/wp/v2/posts/562.json]
[localhost/bsu-open university/index.php/wp-json/oembed/1.0/embed80cc.json]
[localhost/bsu-open university/index.php/wp-json/oembed/1.0/embed13e6]
[localhost/bsu-open university/index.php/2023/03/21/master-in-development-communication/index.html]
[localhost/bsu-open university/wp-content/uploads/2023/03/MDC1-1.jpg]
[localhost/bsu-open university/index.php/wp-json/wp/v2/posts/539.json]
[localhost/bsu-open university/index.php/wp-json/oembed/1.0/embed4f3f.json]
[localhost/bsu-open university/index.php/wp-json/oembed/1.0/embedc017]
[localhost/bsu-open university/wp-content/uploads/2023/03/MCM1-1.jpg]
[localhost/bsu-open university/index.php/2023/03/21/master-in-cooperative-management/index.html]
[localhost/bsu-open university/index.php/wp-json/wp/v2/posts/555.json]
[localhost/bsu-open university/index.php/wp-json/oembed/1.0/embed4cfa.json]
[localhost/bsu-open university/index.php/wp-json/oembed/1.0/embedfe60]
[localhost/bsu-open university/index.php/2023/03/16/open-university-class-schedule-s-y-2022-2023/index.html]
[localhost/bsu-open university/wp-content/plugins/the-events-calendar/src/resources/css/tribe-events-single-skeleton.min0fbe.css]
[localhost/bsu-open university/wp-content/plugins/the-events-calendar/src/resources/css/tribe-events-single-full.min0fbe.css]
[localhost/bsu-open university/indexc6a5.html]
[localhost/bsu-open university/wp-content/plugins/event-tickets/src/resources/images/select.png]
[localhost/bsu-open university/wp-content/plugins/event-tickets/src/resources/css/tickets-forms.min27d9.css]
[localhost/bsu-open university/wp-content/plugins/event-tickets/src/resources/css/common-responsive.min27d9.css]
[localhost/bsu-open university/index2b78.html]
[localhost/bsu-open university/events/tag/1st-semester/index.html]
[localhost/bsu-open university/events/tag/2023/index.html]
[localhost/bsu-open university/events/tag/admission/index.html]
[localhost/bsu-open university/events/tag/deadline/index.html]
[localhost/bsu-open university/index.php/category/offered-programs/page/2/index.html]
[localhost/bsu-open university/index.php/category/offered-programs/page/3/index.html]
[localhost/bsu-open university/index.php/category/offered-programs/page/4/index.html]
[localhost/bsu-open university/index.php/2023/03/page/2/index.html]
[localhost/bsu-open university/index.php/2023/03/page/3/index.html]
[localhost/bsu-open university/index.php/2023/03/page/5/index.html]
[localhost/bsu-open university/index6215.html]
[localhost/bsu-open university/xmlrpc.php]
[localhost/bsu-open university/chrome-extension_/index.html]
[localhost/bsu-open university/^([^_/indexd41d.html]
[localhost/bsu-open university/ABCDEFGHIJKLMNOPQRSTUVWXYZabcdefghijklmnopqrstuvwxyz0123456789+/index.html]
[localhost/bsu-open university/GET.html]
[localhost/bsu-open university/dialog/index.html]
[localhost/bsu-open university/LiveChatEvent/index.html]
[gmpg.org/xfn/index.html]
[gmpg.org/xfn/1.html]
[gmpg.org/xfn/xfn-btn.gif]
[gmpg.org/xfn/join.html]
[gmpg.org/xfn/background.html]
[gmpg.org/xfn/creator-fr.html]
[gmpg.org/xfn/creator-it.html]
[gmpg.org/xfn/creator-es.html]
[gmpg.org/xfn/creator-nl.html]
[gmpg.org/xfn/creator-cs.html]
[gmpg.org/xfn/creator-ja.html]
[gmpg.org/xfn/tools.html]
[gmpg.org/xfn/pix/mememememe.png]
[gmpg.org/xfn/and/foaf.html]
[gmpg.org/xfn/and/index-2.html]
[gmpg.org/xfn/and/index.html]
[gmpg.org/xfn/helping.html]
[gmpg.org/xfn/feedback.html]
[gmpg.org/xfn/creator.html]
[gmpg.org/xfn/xfn-mini.gif]
[gmpg.org/xfn/more.html]
[gmpg.org/xfn/press.html]
[gmpg.org/xfn/index-2.html]
[localhost/bsu-open university/index.php/wp-json/wp/v2/pages/272.json]
[localhost/bsu-open university/index.php/wp-json/oembed/1.0/embed9e7d.json]
[localhost/bsu-open university/index.php/wp-json/oembed/1.0/embeda018]
[localhost/bsu-open university/wp-content/uploads/2023/03/MCD-1.pdf]
[localhost/bsu-open university/index.php/home__trashed/programs-offered/master-in-community-development/index.html]
[localhost/bsu-open university/index.php/wp-json/wp/v2/pages/276.json]
[localhost/bsu-open university/index.php/wp-json/oembed/1.0/embed9e01.json]
[localhost/bsu-open university/index.php/wp-json/oembed/1.0/embed8a62]
[localhost/bsu-open university/index.php/home__trashed/programs-offered/master-in-community-health-development/index.html]
[localhost/bsu-open university/wp-content/uploads/2023/03/MCHD-1.pdf]
[localhost/bsu-open university/index.php/wp-json/wp/v2/pages/278.json]
[localhost/bsu-open university/index.php/wp-json/oembed/1.0/embed1faa.json]
[localhost/bsu-open university/index.php/wp-json/oembed/1.0/embed284f]
[localhost/bsu-open university/index.php/home__trashed/programs-offered/master-in-cooperative-management/index.html]
[localhost/bsu-open university/wp-content/uploads/2023/03/MCM-1.pdf]
[localhost/bsu-open university/index.php/wp-json/wp/v2/pages/281.json]
[localhost/bsu-open university/index.php/wp-json/oembed/1.0/embede1b9.json]
[localhost/bsu-open university/index.php/wp-json/oembed/1.0/embede3a2]
[localhost/bsu-open university/wp-content/uploads/2023/03/MDC-1.pdf]
[localhost/bsu-open university/index.php/home__trashed/programs-offered/master-in-development-communication/index.html]
[localhost/bsu-open university/index.php/wp-json/wp/v2/pages/284.json]
[localhost/bsu-open university/index.php/wp-json/oembed/1.0/embed31fd.json]
[localhost/bsu-open university/index.php/wp-json/oembed/1.0/embedcdaa]
[localhost/bsu-open university/index.php/home__trashed/programs-offered/master-in-human-resource-management/index.html]
[localhost/bsu-open university/wp-content/uploads/2023/03/MHRM-1.pdf]
[localhost/bsu-open university/index.php/wp-json/wp/v2/pages/288.json]
[localhost/bsu-open university/index.php/wp-json/oembed/1.0/embed2904.json]
[localhost/bsu-open university/index.php/wp-json/oembed/1.0/embed02b0]
[localhost/bsu-open university/wp-content/uploads/2023/03/MUM-1.pdf]
[localhost/bsu-open university/index.php/home__trashed/programs-offered/master-in-urban-management/index.html]
[localhost/bsu-open university/index.php/wp-json/wp/v2/pages/286.json]
[localhost/bsu-open university/index.php/wp-json/oembed/1.0/embede8ce.json]
[localhost/bsu-open university/index.php/wp-json/oembed/1.0/embedfb41]
[localhost/bsu-open university/wp-content/uploads/2023/03/MNFE-1.pdf]
[localhost/bsu-open university/index.php/home__trashed/programs-offered/master-in-non-formal-education/index.html]
[localhost/bsu-open university/index.php/wp-json/wp/v2/pages/361.json]
[localhost/bsu-open university/index.php/wp-json/oembed/1.0/embed89db.json]
[localhost/bsu-open university/index.php/wp-json/oembed/1.0/embedb94f]
[localhost/bsu-open university/wp-content/uploads/2023/03/DTM-1.pdf]
[localhost/bsu-open university/index.php/home__trashed/programs-offered/diploma-in-training-management/index.html]
[localhost/bsu-open university/index.php/wp-json/wp/v2/pages/364.json]
[localhost/bsu-open university/index.php/wp-json/oembed/1.0/embedc6e7.json]
[localhost/bsu-open university/index.php/wp-json/oembed/1.0/embedb056]
[localhost/bsu-open university/wp-content/uploads/2023/03/COA-1.pdf]
[localhost/bsu-open university/index.php/home__trashed/programs-offered/certificate-of-organic-agriculture/index.html]
[localhost/bsu-open university/wp-content/plugins/the-events-calendar/src/resources/images/alert.svg]
[localhost/bsu-open university/index62bf.html]
[localhost/bsu-open university/index475a.html]
[localhost/bsu-open university/index.php/wp-json/wp/v2/posts/560.json]
[localhost/bsu-open university/index.php/wp-json/oembed/1.0/embed0f42.json]
[localhost/bsu-open university/index.php/wp-json/oembed/1.0/embedf1c9]
[localhost/bsu-open university/wp-content/uploads/2023/03/MCD1-1.jpg]
[localhost/bsu-open university/index.php/2023/03/21/master-in-community-development/index.html]
[localhost/bsu-open university/index.php/wp-json/wp/v2/posts/552.json]
[localhost/bsu-open university/index.php/wp-json/oembed/1.0/embed8de2.json]
[localhost/bsu-open university/index.php/wp-json/oembed/1.0/embede236]
[localhost/bsu-open university/wp-content/uploads/2023/03/MCHD1-2.jpg]
[localhost/bsu-open university/index.php/2023/03/21/master-in-community-health-development/index.html]
[localhost/bsu-open university/indexcfab.html]
[localhost/bsu-open university/wp-content/uploads/2023/03/MHRM1-1-1-1024x670.html]
[localhost/bsu-open university/indexf652.html]
[localhost/bsu-open university/indexfded.html]
[localhost/bsu-open university/index960c.html]
[localhost/bsu-open university/index.php/2023/03/page/4/index.html]
[gmpg.org/xfn/1.html]
[gmpg.org/xfn/creator-fr.html]
[gmpg.org/xfn/creator-it.html]
[gmpg.org/xfn/creator-es.html]
[gmpg.org/xfn/creator-nl.html]
[gmpg.org/xfn/creator-cs.html]
[gmpg.org/xfn/creator-ja.html]
[gmpg.org/xfn/and/foaf.html]
[gmpg.org/xfn/and/index-2.html]
[gmpg.org/xfn/count.css]
[localhost/bsu-open university/indexcde3.html]
[localhost/bsu-open university/index44be.html]
[localhost/bsu-open university/index1641.html]
[localhost/bsu-open university/index73fa.html]
[localhost/BSU-Open University/index.php/2023/03/21/master-in-community-development/index-2.html]
[localhost/bsu-open university/index7b2c.html]
[localhost/bsu-open university/index1d24.html]
[localhost/BSU-Open University/index.php/2023/03/21/master-in-non-formal-education/index-2.html]
[localhost/bsu-open university/index5c97.html]
[localhost/bsu-open university/index76f0.html]
[localhost/bsu-open university/index0364.html]
[localhost/bsu-open university/index46ad.html]
[localhost/bsu-open university/index5195.html]
[junk.metafilter.com/xfn.gif]
